  Building Custom Rule F:/github/new_proland_cmake/ork/libraries/tinyxml/CMakeLists.txt
  CMake does not need to re-run because F:/github/new_proland_cmake/ork/vs_sln/libraries/tinyxml/CMakeFiles/generate.stamp is up-to-date.
cl : 命令行 warning D9002: 忽略未知选项“-fPIC”
  tinyxml.cpp
f:\github\new_proland_cmake\ork\libraries\tinyxml\tinyxml.h(374): warning C4251: “TiXmlBase::location”: struct“TiXmlCursor”需要有 dll 接口由 class“TiXmlBase”的客户端使用
  f:\github\new_proland_cmake\ork\libraries\tinyxml\tinyxml.h(101): note: 参见“TiXmlCursor”的声明
f:\github\new_proland_cmake\ork\libraries\tinyxml\tinyxml.h(762): warning C4251: “TiXmlNode::value”: class“std::basic_string<char,std::char_traits<char>,std::allocator<char>>”需要有 dll 接口由 class“TiXmlNode”的客户端使用
  C:\Program Files (x86)\Microsoft Visual Studio\2017\Community\VC\Tools\MSVC\14.16.27023\include\xstring(4373): note: 参见“std::basic_string<char,std::char_traits<char>,std::allocator<char>>”的声明
f:\github\new_proland_cmake\ork\libraries\tinyxml\tinyxml.h(885): warning C4251: “TiXmlAttribute::name”: class“std::basic_string<char,std::char_traits<char>,std::allocator<char>>”需要有 dll 接口由 class“TiXmlAttribute”的客户端使用
  C:\Program Files (x86)\Microsoft Visual Studio\2017\Community\VC\Tools\MSVC\14.16.27023\include\xstring(4373): note: 参见“std::basic_string<char,std::char_traits<char>,std::allocator<char>>”的声明
f:\github\new_proland_cmake\ork\libraries\tinyxml\tinyxml.h(886): warning C4251: “TiXmlAttribute::value”: class“std::basic_string<char,std::char_traits<char>,std::allocator<char>>”需要有 dll 接口由 class“TiXmlAttribute”的客户端使用
  C:\Program Files (x86)\Microsoft Visual Studio\2017\Community\VC\Tools\MSVC\14.16.27023\include\xstring(4373): note: 参见“std::basic_string<char,std::char_traits<char>,std::allocator<char>>”的声明
f:\github\new_proland_cmake\ork\libraries\tinyxml\tinyxml.h(1333): warning C4251: “TiXmlDeclaration::version”: class“std::basic_string<char,std::char_traits<char>,std::allocator<char>>”需要有 dll 接口由 class“TiXmlDeclaration”的客户端使用
  C:\Program Files (x86)\Microsoft Visual Studio\2017\Community\VC\Tools\MSVC\14.16.27023\include\xstring(4373): note: 参见“std::basic_string<char,std::char_traits<char>,std::allocator<char>>”的声明
f:\github\new_proland_cmake\ork\libraries\tinyxml\tinyxml.h(1334): warning C4251: “TiXmlDeclaration::encoding”: class“std::basic_string<char,std::char_traits<char>,std::allocator<char>>”需要有 dll 接口由 class“TiXmlDeclaration”的客户端使用
  C:\Program Files (x86)\Microsoft Visual Studio\2017\Community\VC\Tools\MSVC\14.16.27023\include\xstring(4373): note: 参见“std::basic_string<char,std::char_traits<char>,std::allocator<char>>”的声明
f:\github\new_proland_cmake\ork\libraries\tinyxml\tinyxml.h(1335): warning C4251: “TiXmlDeclaration::standalone”: class“std::basic_string<char,std::char_traits<char>,std::allocator<char>>”需要有 dll 接口由 class“TiXmlDeclaration”的客户端使用
  C:\Program Files (x86)\Microsoft Visual Studio\2017\Community\VC\Tools\MSVC\14.16.27023\include\xstring(4373): note: 参见“std::basic_string<char,std::char_traits<char>,std::allocator<char>>”的声明
f:\github\new_proland_cmake\ork\libraries\tinyxml\tinyxml.h(1547): warning C4251: “TiXmlDocument::errorDesc”: class“std::basic_string<char,std::char_traits<char>,std::allocator<char>>”需要有 dll 接口由 class“TiXmlDocument”的客户端使用
  C:\Program Files (x86)\Microsoft Visual Studio\2017\Community\VC\Tools\MSVC\14.16.27023\include\xstring(4373): note: 参见“std::basic_string<char,std::char_traits<char>,std::allocator<char>>”的声明
f:\github\new_proland_cmake\ork\libraries\tinyxml\tinyxml.h(1549): warning C4251: “TiXmlDocument::errorLocation”: struct“TiXmlCursor”需要有 dll 接口由 class“TiXmlDocument”的客户端使用
  f:\github\new_proland_cmake\ork\libraries\tinyxml\tinyxml.h(101): note: 参见“TiXmlCursor”的声明
f:\github\new_proland_cmake\ork\libraries\tinyxml\tinyxml.h(1791): warning C4251: “TiXmlPrinter::buffer”: class“std::basic_string<char,std::char_traits<char>,std::allocator<char>>”需要有 dll 接口由 class“TiXmlPrinter”的客户端使用
  C:\Program Files (x86)\Microsoft Visual Studio\2017\Community\VC\Tools\MSVC\14.16.27023\include\xstring(4373): note: 参见“std::basic_string<char,std::char_traits<char>,std::allocator<char>>”的声明
f:\github\new_proland_cmake\ork\libraries\tinyxml\tinyxml.h(1792): warning C4251: “TiXmlPrinter::indent”: class“std::basic_string<char,std::char_traits<char>,std::allocator<char>>”需要有 dll 接口由 class“TiXmlPrinter”的客户端使用
  C:\Program Files (x86)\Microsoft Visual Studio\2017\Community\VC\Tools\MSVC\14.16.27023\include\xstring(4373): note: 参见“std::basic_string<char,std::char_traits<char>,std::allocator<char>>”的声明
f:\github\new_proland_cmake\ork\libraries\tinyxml\tinyxml.h(1793): warning C4251: “TiXmlPrinter::lineBreak”: class“std::basic_string<char,std::char_traits<char>,std::allocator<char>>”需要有 dll 接口由 class“TiXmlPrinter”的客户端使用
  C:\Program Files (x86)\Microsoft Visual Studio\2017\Community\VC\Tools\MSVC\14.16.27023\include\xstring(4373): note: 参见“std::basic_string<char,std::char_traits<char>,std::allocator<char>>”的声明
  tinyxmlerror.cpp
f:\github\new_proland_cmake\ork\libraries\tinyxml\tinyxml.h(374): warning C4251: “TiXmlBase::location”: struct“TiXmlCursor”需要有 dll 接口由 class“TiXmlBase”的客户端使用
  f:\github\new_proland_cmake\ork\libraries\tinyxml\tinyxml.h(101): note: 参见“TiXmlCursor”的声明
f:\github\new_proland_cmake\ork\libraries\tinyxml\tinyxml.h(762): warning C4251: “TiXmlNode::value”: class“std::basic_string<char,std::char_traits<char>,std::allocator<char>>”需要有 dll 接口由 class“TiXmlNode”的客户端使用
  C:\Program Files (x86)\Microsoft Visual Studio\2017\Community\VC\Tools\MSVC\14.16.27023\include\xstring(4373): note: 参见“std::basic_string<char,std::char_traits<char>,std::allocator<char>>”的声明
f:\github\new_proland_cmake\ork\libraries\tinyxml\tinyxml.h(885): warning C4251: “TiXmlAttribute::name”: class“std::basic_string<char,std::char_traits<char>,std::allocator<char>>”需要有 dll 接口由 class“TiXmlAttribute”的客户端使用
  C:\Program Files (x86)\Microsoft Visual Studio\2017\Community\VC\Tools\MSVC\14.16.27023\include\xstring(4373): note: 参见“std::basic_string<char,std::char_traits<char>,std::allocator<char>>”的声明
f:\github\new_proland_cmake\ork\libraries\tinyxml\tinyxml.h(886): warning C4251: “TiXmlAttribute::value”: class“std::basic_string<char,std::char_traits<char>,std::allocator<char>>”需要有 dll 接口由 class“TiXmlAttribute”的客户端使用
  C:\Program Files (x86)\Microsoft Visual Studio\2017\Community\VC\Tools\MSVC\14.16.27023\include\xstring(4373): note: 参见“std::basic_string<char,std::char_traits<char>,std::allocator<char>>”的声明
f:\github\new_proland_cmake\ork\libraries\tinyxml\tinyxml.h(1333): warning C4251: “TiXmlDeclaration::version”: class“std::basic_string<char,std::char_traits<char>,std::allocator<char>>”需要有 dll 接口由 class“TiXmlDeclaration”的客户端使用
  C:\Program Files (x86)\Microsoft Visual Studio\2017\Community\VC\Tools\MSVC\14.16.27023\include\xstring(4373): note: 参见“std::basic_string<char,std::char_traits<char>,std::allocator<char>>”的声明
f:\github\new_proland_cmake\ork\libraries\tinyxml\tinyxml.h(1334): warning C4251: “TiXmlDeclaration::encoding”: class“std::basic_string<char,std::char_traits<char>,std::allocator<char>>”需要有 dll 接口由 class“TiXmlDeclaration”的客户端使用
  C:\Program Files (x86)\Microsoft Visual Studio\2017\Community\VC\Tools\MSVC\14.16.27023\include\xstring(4373): note: 参见“std::basic_string<char,std::char_traits<char>,std::allocator<char>>”的声明
f:\github\new_proland_cmake\ork\libraries\tinyxml\tinyxml.h(1335): warning C4251: “TiXmlDeclaration::standalone”: class“std::basic_string<char,std::char_traits<char>,std::allocator<char>>”需要有 dll 接口由 class“TiXmlDeclaration”的客户端使用
  C:\Program Files (x86)\Microsoft Visual Studio\2017\Community\VC\Tools\MSVC\14.16.27023\include\xstring(4373): note: 参见“std::basic_string<char,std::char_traits<char>,std::allocator<char>>”的声明
f:\github\new_proland_cmake\ork\libraries\tinyxml\tinyxml.h(1547): warning C4251: “TiXmlDocument::errorDesc”: class“std::basic_string<char,std::char_traits<char>,std::allocator<char>>”需要有 dll 接口由 class“TiXmlDocument”的客户端使用
  C:\Program Files (x86)\Microsoft Visual Studio\2017\Community\VC\Tools\MSVC\14.16.27023\include\xstring(4373): note: 参见“std::basic_string<char,std::char_traits<char>,std::allocator<char>>”的声明
f:\github\new_proland_cmake\ork\libraries\tinyxml\tinyxml.h(1549): warning C4251: “TiXmlDocument::errorLocation”: struct“TiXmlCursor”需要有 dll 接口由 class“TiXmlDocument”的客户端使用
  f:\github\new_proland_cmake\ork\libraries\tinyxml\tinyxml.h(101): note: 参见“TiXmlCursor”的声明
f:\github\new_proland_cmake\ork\libraries\tinyxml\tinyxml.h(1791): warning C4251: “TiXmlPrinter::buffer”: class“std::basic_string<char,std::char_traits<char>,std::allocator<char>>”需要有 dll 接口由 class“TiXmlPrinter”的客户端使用
  C:\Program Files (x86)\Microsoft Visual Studio\2017\Community\VC\Tools\MSVC\14.16.27023\include\xstring(4373): note: 参见“std::basic_string<char,std::char_traits<char>,std::allocator<char>>”的声明
f:\github\new_proland_cmake\ork\libraries\tinyxml\tinyxml.h(1792): warning C4251: “TiXmlPrinter::indent”: class“std::basic_string<char,std::char_traits<char>,std::allocator<char>>”需要有 dll 接口由 class“TiXmlPrinter”的客户端使用
  C:\Program Files (x86)\Microsoft Visual Studio\2017\Community\VC\Tools\MSVC\14.16.27023\include\xstring(4373): note: 参见“std::basic_string<char,std::char_traits<char>,std::allocator<char>>”的声明
f:\github\new_proland_cmake\ork\libraries\tinyxml\tinyxml.h(1793): warning C4251: “TiXmlPrinter::lineBreak”: class“std::basic_string<char,std::char_traits<char>,std::allocator<char>>”需要有 dll 接口由 class“TiXmlPrinter”的客户端使用
  C:\Program Files (x86)\Microsoft Visual Studio\2017\Community\VC\Tools\MSVC\14.16.27023\include\xstring(4373): note: 参见“std::basic_string<char,std::char_traits<char>,std::allocator<char>>”的声明
  tinyxmlparser.cpp
f:\github\new_proland_cmake\ork\libraries\tinyxml\tinyxml.h(374): warning C4251: “TiXmlBase::location”: struct“TiXmlCursor”需要有 dll 接口由 class“TiXmlBase”的客户端使用
  f:\github\new_proland_cmake\ork\libraries\tinyxml\tinyxml.h(101): note: 参见“TiXmlCursor”的声明
f:\github\new_proland_cmake\ork\libraries\tinyxml\tinyxml.h(762): warning C4251: “TiXmlNode::value”: class“std::basic_string<char,std::char_traits<char>,std::allocator<char>>”需要有 dll 接口由 class“TiXmlNode”的客户端使用
  C:\Program Files (x86)\Microsoft Visual Studio\2017\Community\VC\Tools\MSVC\14.16.27023\include\xstring(4373): note: 参见“std::basic_string<char,std::char_traits<char>,std::allocator<char>>”的声明
f:\github\new_proland_cmake\ork\libraries\tinyxml\tinyxml.h(885): warning C4251: “TiXmlAttribute::name”: class“std::basic_string<char,std::char_traits<char>,std::allocator<char>>”需要有 dll 接口由 class“TiXmlAttribute”的客户端使用
  C:\Program Files (x86)\Microsoft Visual Studio\2017\Community\VC\Tools\MSVC\14.16.27023\include\xstring(4373): note: 参见“std::basic_string<char,std::char_traits<char>,std::allocator<char>>”的声明
f:\github\new_proland_cmake\ork\libraries\tinyxml\tinyxml.h(886): warning C4251: “TiXmlAttribute::value”: class“std::basic_string<char,std::char_traits<char>,std::allocator<char>>”需要有 dll 接口由 class“TiXmlAttribute”的客户端使用
  C:\Program Files (x86)\Microsoft Visual Studio\2017\Community\VC\Tools\MSVC\14.16.27023\include\xstring(4373): note: 参见“std::basic_string<char,std::char_traits<char>,std::allocator<char>>”的声明
f:\github\new_proland_cmake\ork\libraries\tinyxml\tinyxml.h(1333): warning C4251: “TiXmlDeclaration::version”: class“std::basic_string<char,std::char_traits<char>,std::allocator<char>>”需要有 dll 接口由 class“TiXmlDeclaration”的客户端使用
  C:\Program Files (x86)\Microsoft Visual Studio\2017\Community\VC\Tools\MSVC\14.16.27023\include\xstring(4373): note: 参见“std::basic_string<char,std::char_traits<char>,std::allocator<char>>”的声明
f:\github\new_proland_cmake\ork\libraries\tinyxml\tinyxml.h(1334): warning C4251: “TiXmlDeclaration::encoding”: class“std::basic_string<char,std::char_traits<char>,std::allocator<char>>”需要有 dll 接口由 class“TiXmlDeclaration”的客户端使用
  C:\Program Files (x86)\Microsoft Visual Studio\2017\Community\VC\Tools\MSVC\14.16.27023\include\xstring(4373): note: 参见“std::basic_string<char,std::char_traits<char>,std::allocator<char>>”的声明
f:\github\new_proland_cmake\ork\libraries\tinyxml\tinyxml.h(1335): warning C4251: “TiXmlDeclaration::standalone”: class“std::basic_string<char,std::char_traits<char>,std::allocator<char>>”需要有 dll 接口由 class“TiXmlDeclaration”的客户端使用
  C:\Program Files (x86)\Microsoft Visual Studio\2017\Community\VC\Tools\MSVC\14.16.27023\include\xstring(4373): note: 参见“std::basic_string<char,std::char_traits<char>,std::allocator<char>>”的声明
f:\github\new_proland_cmake\ork\libraries\tinyxml\tinyxml.h(1547): warning C4251: “TiXmlDocument::errorDesc”: class“std::basic_string<char,std::char_traits<char>,std::allocator<char>>”需要有 dll 接口由 class“TiXmlDocument”的客户端使用
  C:\Program Files (x86)\Microsoft Visual Studio\2017\Community\VC\Tools\MSVC\14.16.27023\include\xstring(4373): note: 参见“std::basic_string<char,std::char_traits<char>,std::allocator<char>>”的声明
f:\github\new_proland_cmake\ork\libraries\tinyxml\tinyxml.h(1549): warning C4251: “TiXmlDocument::errorLocation”: struct“TiXmlCursor”需要有 dll 接口由 class“TiXmlDocument”的客户端使用
  f:\github\new_proland_cmake\ork\libraries\tinyxml\tinyxml.h(101): note: 参见“TiXmlCursor”的声明
f:\github\new_proland_cmake\ork\libraries\tinyxml\tinyxml.h(1791): warning C4251: “TiXmlPrinter::buffer”: class“std::basic_string<char,std::char_traits<char>,std::allocator<char>>”需要有 dll 接口由 class“TiXmlPrinter”的客户端使用
  C:\Program Files (x86)\Microsoft Visual Studio\2017\Community\VC\Tools\MSVC\14.16.27023\include\xstring(4373): note: 参见“std::basic_string<char,std::char_traits<char>,std::allocator<char>>”的声明
f:\github\new_proland_cmake\ork\libraries\tinyxml\tinyxml.h(1792): warning C4251: “TiXmlPrinter::indent”: class“std::basic_string<char,std::char_traits<char>,std::allocator<char>>”需要有 dll 接口由 class“TiXmlPrinter”的客户端使用
  C:\Program Files (x86)\Microsoft Visual Studio\2017\Community\VC\Tools\MSVC\14.16.27023\include\xstring(4373): note: 参见“std::basic_string<char,std::char_traits<char>,std::allocator<char>>”的声明
f:\github\new_proland_cmake\ork\libraries\tinyxml\tinyxml.h(1793): warning C4251: “TiXmlPrinter::lineBreak”: class“std::basic_string<char,std::char_traits<char>,std::allocator<char>>”需要有 dll 接口由 class“TiXmlPrinter”的客户端使用
  C:\Program Files (x86)\Microsoft Visual Studio\2017\Community\VC\Tools\MSVC\14.16.27023\include\xstring(4373): note: 参见“std::basic_string<char,std::char_traits<char>,std::allocator<char>>”的声明
  正在生成代码...
  tinyxml.vcxproj -> F:\github\new_proland_cmake\ork\vs_sln\libraries\tinyxml\Debug\tinyxml.lib
